<?xml version="1.0" encoding="UTF-8"?>
<testng-results skipped="0" failed="0" ignored="0" total="1" passed="1">
  <reporter-output>
  </reporter-output>
  <suite name="Default suite" duration-ms="51028" started-at="2020-04-17T12:34:08Z" finished-at="2020-04-17T12:34:59Z">
    <groups>
    </groups>
    <test name="Default test" duration-ms="51028" started-at="2020-04-17T12:34:08Z" finished-at="2020-04-17T12:34:59Z">
      <class name="testcases.Day3_MakeMyTrip">
        <test-method status="PASS" signature="hotelBoooking()[pri:0, instance:testcases.Day3_MakeMyTrip@204f30ec]" name="hotelBoooking" duration-ms="50960" started-at="2020-04-17T12:34:08Z" finished-at="2020-04-17T12:34:59Z">
          <reporter-output>
          </reporter-output>
        </test-method> <!-- hotelBoooking -->
      </class> <!-- testcases.Day3_MakeMyTrip -->
    </test> <!-- Default test -->
  </suite> <!-- Default suite -->
</testng-results>
