<?xml version="1.0" encoding="UTF-8"?>
<testng-results skipped="0" failed="0" ignored="0" total="1" passed="1">
  <reporter-output>
  </reporter-output>
  <suite name="Default suite" duration-ms="65010" started-at="2020-04-15T17:24:59Z" finished-at="2020-04-15T17:26:04Z">
    <groups>
    </groups>
    <test name="Default test" duration-ms="65010" started-at="2020-04-15T17:24:59Z" finished-at="2020-04-15T17:26:04Z">
      <class name="testcases.Day2_Nykaa">
        <test-method status="PASS" signature="nykaaAddProduct()[pri:0, instance:testcases.Day2_Nykaa@204f30ec]" name="nykaaAddProduct" duration-ms="64865" started-at="2020-04-15T17:24:59Z" finished-at="2020-04-15T17:26:04Z">
          <reporter-output>
          </reporter-output>
        </test-method> <!-- nykaaAddProduct -->
      </class> <!-- testcases.Day2_Nykaa -->
    </test> <!-- Default test -->
  </suite> <!-- Default suite -->
</testng-results>
